<?xml version="1.0" encoding="UTF-8"?>
<!-- Generated by org.testng.reporters.JUnitReportReporter -->
<testsuite skipped="1" hostname="GUDU-PC" name="testcases.HybridExecuteTest" tests="1" failures="0" timestamp="18 Feb 2021 15:17:35 GMT" time="0.000" errors="0">
  <testcase name="testLogin" time="0.000" classname="testcases.HybridExecuteTest">
    <skipped/>
  </testcase> <!-- testLogin -->
</testsuite> <!-- testcases.HybridExecuteTest -->
