<?xml version="1.0" encoding="UTF-8"?>
<!-- Generated by org.testng.reporters.JUnitReportReporter -->
<testsuite skipped="0" hostname="Vijay-PC" name="testcases.DriverScript" tests="1" failures="0" timestamp="20 Jun 2017 03:01:04 GMT" time="48.727" errors="0">
  <testcase name="testLogin" time="48.727" classname="testcases.DriverScript"/>
</testsuite> <!-- testcases.DriverScript -->
